  [1m[35m (194.9ms)[0m  [1m[35mCREATE DATABASE "blog_challenge_development" ENCODING = 'unicode'[0m
  [1m[35m (59.8ms)[0m  [1m[35mCREATE DATABASE "blog_challenge_test" ENCODING = 'unicode'[0m
Started GET "/" for ::1 at 2023-10-04 14:54:51 -0700
Processing by Rails::WelcomeController#index as HTML
  Rendering /Users/learnacademy/.rvm/gems/ruby-3.2.0/gems/railties-7.0.8/lib/rails/templates/rails/welcome/index.html.erb
  Rendered /Users/learnacademy/.rvm/gems/ruby-3.2.0/gems/railties-7.0.8/lib/rails/templates/rails/welcome/index.html.erb (Duration: 1.2ms | Allocations: 634)
Completed 200 OK in 15ms (Views: 4.2ms | ActiveRecord: 0.0ms | Allocations: 7366)


  [1m[35m (33.9ms)[0m  [1m[35mCREATE TABLE "schema_migrations" ("version" character varying NOT NULL PRIMARY KEY)[0m
  [1m[35m (2.9ms)[0m  [1m[35mCREATE TABLE "ar_internal_metadata" ("key" character varying NOT NULL PRIMARY KEY, "value" character varying, "created_at" timestamp(6) NOT NULL, "updated_at" timestamp(6) NOT NULL)[0m
  [1m[35m (0.4ms)[0m  [1m[34mSELECT pg_try_advisory_lock(1131589309581606540)[0m
  [1m[36mActiveRecord::SchemaMigration Pluck (2.3ms)[0m  [1m[34mSELECT "schema_migrations"."version" FROM "schema_migrations" ORDER BY "schema_migrations"."version" ASC[0m
Migrating to CreateBlogs (20231004220210)
  [1m[36mTRANSACTION (0.1ms)[0m  [1m[35mBEGIN[0m
  [1m[35m (4.1ms)[0m  [1m[35mCREATE TABLE "blogs" ("id" bigserial primary key, "title" character varying, "content" character varying, "created_at" timestamp(6) NOT NULL, "updated_at" timestamp(6) NOT NULL)[0m
  [1m[36mActiveRecord::SchemaMigration Create (0.6ms)[0m  [1m[32mINSERT INTO "schema_migrations" ("version") VALUES ($1) RETURNING "version"[0m  [["version", "20231004220210"]]
  [1m[36mTRANSACTION (0.5ms)[0m  [1m[35mCOMMIT[0m
  [1m[36mActiveRecord::InternalMetadata Load (0.3ms)[0m  [1m[34mSELECT "ar_internal_metadata".* FROM "ar_internal_metadata" WHERE "ar_internal_metadata"."key" = $1 LIMIT $2[0m  [["key", "environment"], ["LIMIT", 1]]
  [1m[36mTRANSACTION (0.1ms)[0m  [1m[35mBEGIN[0m
  [1m[36mActiveRecord::InternalMetadata Create (1.0ms)[0m  [1m[32mINSERT INTO "ar_internal_metadata" ("key", "value", "created_at", "updated_at") VALUES ($1, $2, $3, $4) RETURNING "key"[0m  [["key", "environment"], ["value", "development"], ["created_at", "2023-10-04 22:02:18.259209"], ["updated_at", "2023-10-04 22:02:18.259209"]]
  [1m[36mTRANSACTION (0.3ms)[0m  [1m[35mCOMMIT[0m
  [1m[35m (0.2ms)[0m  [1m[34mSELECT pg_advisory_unlock(1131589309581606540)[0m
  [1m[36mActiveRecord::SchemaMigration Pluck (0.8ms)[0m  [1m[34mSELECT "schema_migrations"."version" FROM "schema_migrations" ORDER BY "schema_migrations"."version" ASC[0m
Started GET "/" for ::1 at 2023-10-04 15:11:51 -0700
  [1m[36mActiveRecord::SchemaMigration Pluck (0.8ms)[0m  [1m[34mSELECT "schema_migrations"."version" FROM "schema_migrations" ORDER BY "schema_migrations"."version" ASC[0m
Processing by Rails::WelcomeController#index as HTML
  Rendering /Users/learnacademy/.rvm/gems/ruby-3.2.0/gems/railties-7.0.8/lib/rails/templates/rails/welcome/index.html.erb
  Rendered /Users/learnacademy/.rvm/gems/ruby-3.2.0/gems/railties-7.0.8/lib/rails/templates/rails/welcome/index.html.erb (Duration: 0.6ms | Allocations: 272)
Completed 200 OK in 2ms (Views: 1.3ms | ActiveRecord: 0.0ms | Allocations: 904)


Started GET "/" for ::1 at 2023-10-04 15:12:09 -0700
Processing by Rails::WelcomeController#index as HTML
  Rendering /Users/learnacademy/.rvm/gems/ruby-3.2.0/gems/railties-7.0.8/lib/rails/templates/rails/welcome/index.html.erb
  Rendered /Users/learnacademy/.rvm/gems/ruby-3.2.0/gems/railties-7.0.8/lib/rails/templates/rails/welcome/index.html.erb (Duration: 0.1ms | Allocations: 14)
Completed 200 OK in 2ms (Views: 0.9ms | ActiveRecord: 0.0ms | Allocations: 216)


Started GET "/index" for ::1 at 2023-10-04 15:12:24 -0700
  
ActionController::RoutingError (No route matches [GET] "/index"):
  
Started GET "/blog" for ::1 at 2023-10-04 15:12:34 -0700
  
ActionController::RoutingError (No route matches [GET] "/blog"):
  
Started GET "/blogs" for ::1 at 2023-10-04 15:12:57 -0700
Processing by BlogController#index as HTML
  Rendering layout layouts/application.html.erb
  Rendering blog/index.html.erb within layouts/application
  Rendered blog/index.html.erb within layouts/application (Duration: 0.5ms | Allocations: 204)
  Rendered layout layouts/application.html.erb (Duration: 162.8ms | Allocations: 89056)
Completed 200 OK in 166ms (Views: 163.8ms | ActiveRecord: 0.0ms | Allocations: 90611)


Started GET "/" for ::1 at 2023-10-04 15:57:30 -0700
  
ActiveRecord::NoDatabaseError (We could not find your database: blog_challenge_development. Which can be found in the database configuration file located at config/database.yml.

To resolve this issue:

- Did you create the database for this app, or delete it? You may need to create your database.
- Has the database name changed? Check your database.yml config has the correct database name.

To create your database, run:

        bin/rails db:create
):
  
activerecord (7.0.8) lib/active_record/connection_adapters/postgresql_adapter.rb:81:in `rescue in new_client'
activerecord (7.0.8) lib/active_record/connection_adapters/postgresql_adapter.rb:77:in `new_client'
activerecord (7.0.8) lib/active_record/connection_adapters/postgresql_adapter.rb:37:in `postgresql_connection'
activerecord (7.0.8) lib/active_record/connection_adapters/abstract/connection_pool.rb:656:in `public_send'
activerecord (7.0.8) lib/active_record/connection_adapters/abstract/connection_pool.rb:656:in `new_connection'
activerecord (7.0.8) lib/active_record/connection_adapters/abstract/connection_pool.rb:700:in `checkout_new_connection'
activerecord (7.0.8) lib/active_record/connection_adapters/abstract/connection_pool.rb:679:in `try_to_checkout_new_connection'
activerecord (7.0.8) lib/active_record/connection_adapters/abstract/connection_pool.rb:640:in `acquire_connection'
activerecord (7.0.8) lib/active_record/connection_adapters/abstract/connection_pool.rb:341:in `checkout'
activerecord (7.0.8) lib/active_record/connection_adapters/abstract/connection_pool.rb:181:in `connection'
activerecord (7.0.8) lib/active_record/connection_adapters/abstract/connection_handler.rb:211:in `retrieve_connection'
activerecord (7.0.8) lib/active_record/connection_handling.rb:313:in `retrieve_connection'
activerecord (7.0.8) lib/active_record/connection_handling.rb:280:in `connection'
activerecord (7.0.8) lib/active_record/migration.rb:648:in `connection'
activerecord (7.0.8) lib/active_record/migration.rb:643:in `build_watcher'
activerecord (7.0.8) lib/active_record/migration.rb:625:in `block in call'
activerecord (7.0.8) lib/active_record/migration.rb:624:in `synchronize'
activerecord (7.0.8) lib/active_record/migration.rb:624:in `call'
actionpack (7.0.8) lib/action_dispatch/middleware/callbacks.rb:27:in `block in call'
activesupport (7.0.8) lib/active_support/callbacks.rb:99:in `run_callbacks'
actionpack (7.0.8) lib/action_dispatch/middleware/callbacks.rb:26:in `call'
actionpack (7.0.8) lib/action_dispatch/middleware/executor.rb:14:in `call'
actionpack (7.0.8) lib/action_dispatch/middleware/actionable_exceptions.rb:17:in `call'
actionpack (7.0.8) lib/action_dispatch/middleware/debug_exceptions.rb:28:in `call'
web-console (4.2.1) lib/web_console/middleware.rb:132:in `call_app'
web-console (4.2.1) lib/web_console/middleware.rb:28:in `block in call'
web-console (4.2.1) lib/web_console/middleware.rb:17:in `catch'
web-console (4.2.1) lib/web_console/middleware.rb:17:in `call'
actionpack (7.0.8) lib/action_dispatch/middleware/show_exceptions.rb:29:in `call'
railties (7.0.8) lib/rails/rack/logger.rb:40:in `call_app'
railties (7.0.8) lib/rails/rack/logger.rb:25:in `block in call'
activesupport (7.0.8) lib/active_support/tagged_logging.rb:99:in `block in tagged'
activesupport (7.0.8) lib/active_support/tagged_logging.rb:37:in `tagged'
activesupport (7.0.8) lib/active_support/tagged_logging.rb:99:in `tagged'
railties (7.0.8) lib/rails/rack/logger.rb:25:in `call'
sprockets-rails (3.4.2) lib/sprockets/rails/quiet_assets.rb:13:in `call'
actionpack (7.0.8) lib/action_dispatch/middleware/remote_ip.rb:93:in `call'
actionpack (7.0.8) lib/action_dispatch/middleware/request_id.rb:26:in `call'
rack (2.2.8) lib/rack/method_override.rb:24:in `call'
rack (2.2.8) lib/rack/runtime.rb:22:in `call'
activesupport (7.0.8) lib/active_support/cache/strategy/local_cache_middleware.rb:29:in `call'
actionpack (7.0.8) lib/action_dispatch/middleware/server_timing.rb:61:in `block in call'
actionpack (7.0.8) lib/action_dispatch/middleware/server_timing.rb:26:in `collect_events'
actionpack (7.0.8) lib/action_dispatch/middleware/server_timing.rb:60:in `call'
actionpack (7.0.8) lib/action_dispatch/middleware/executor.rb:14:in `call'
actionpack (7.0.8) lib/action_dispatch/middleware/static.rb:23:in `call'
rack (2.2.8) lib/rack/sendfile.rb:110:in `call'
actionpack (7.0.8) lib/action_dispatch/middleware/host_authorization.rb:138:in `call'
railties (7.0.8) lib/rails/engine.rb:530:in `call'
puma (5.6.7) lib/puma/configuration.rb:252:in `call'
puma (5.6.7) lib/puma/request.rb:77:in `block in handle_request'
puma (5.6.7) lib/puma/thread_pool.rb:340:in `with_force_shutdown'
puma (5.6.7) lib/puma/request.rb:76:in `handle_request'
puma (5.6.7) lib/puma/server.rb:443:in `process_client'
puma (5.6.7) lib/puma/thread_pool.rb:147:in `block in spawn_thread'
Started GET "/" for ::1 at 2023-10-04 15:57:34 -0700
  
ActiveRecord::NoDatabaseError (We could not find your database: blog_challenge_development. Which can be found in the database configuration file located at config/database.yml.

To resolve this issue:

- Did you create the database for this app, or delete it? You may need to create your database.
- Has the database name changed? Check your database.yml config has the correct database name.

To create your database, run:

        bin/rails db:create
):
  
activerecord (7.0.8) lib/active_record/connection_adapters/postgresql_adapter.rb:81:in `rescue in new_client'
activerecord (7.0.8) lib/active_record/connection_adapters/postgresql_adapter.rb:77:in `new_client'
activerecord (7.0.8) lib/active_record/connection_adapters/postgresql_adapter.rb:37:in `postgresql_connection'
activerecord (7.0.8) lib/active_record/connection_adapters/abstract/connection_pool.rb:656:in `public_send'
activerecord (7.0.8) lib/active_record/connection_adapters/abstract/connection_pool.rb:656:in `new_connection'
activerecord (7.0.8) lib/active_record/connection_adapters/abstract/connection_pool.rb:700:in `checkout_new_connection'
activerecord (7.0.8) lib/active_record/connection_adapters/abstract/connection_pool.rb:679:in `try_to_checkout_new_connection'
activerecord (7.0.8) lib/active_record/connection_adapters/abstract/connection_pool.rb:640:in `acquire_connection'
activerecord (7.0.8) lib/active_record/connection_adapters/abstract/connection_pool.rb:341:in `checkout'
activerecord (7.0.8) lib/active_record/connection_adapters/abstract/connection_pool.rb:181:in `connection'
activerecord (7.0.8) lib/active_record/connection_adapters/abstract/connection_handler.rb:211:in `retrieve_connection'
activerecord (7.0.8) lib/active_record/connection_handling.rb:313:in `retrieve_connection'
activerecord (7.0.8) lib/active_record/connection_handling.rb:280:in `connection'
activerecord (7.0.8) lib/active_record/migration.rb:648:in `connection'
activerecord (7.0.8) lib/active_record/migration.rb:643:in `build_watcher'
activerecord (7.0.8) lib/active_record/migration.rb:625:in `block in call'
activerecord (7.0.8) lib/active_record/migration.rb:624:in `synchronize'
activerecord (7.0.8) lib/active_record/migration.rb:624:in `call'
actionpack (7.0.8) lib/action_dispatch/middleware/callbacks.rb:27:in `block in call'
activesupport (7.0.8) lib/active_support/callbacks.rb:99:in `run_callbacks'
actionpack (7.0.8) lib/action_dispatch/middleware/callbacks.rb:26:in `call'
actionpack (7.0.8) lib/action_dispatch/middleware/executor.rb:14:in `call'
actionpack (7.0.8) lib/action_dispatch/middleware/actionable_exceptions.rb:17:in `call'
actionpack (7.0.8) lib/action_dispatch/middleware/debug_exceptions.rb:28:in `call'
web-console (4.2.1) lib/web_console/middleware.rb:132:in `call_app'
web-console (4.2.1) lib/web_console/middleware.rb:28:in `block in call'
web-console (4.2.1) lib/web_console/middleware.rb:17:in `catch'
web-console (4.2.1) lib/web_console/middleware.rb:17:in `call'
actionpack (7.0.8) lib/action_dispatch/middleware/show_exceptions.rb:29:in `call'
railties (7.0.8) lib/rails/rack/logger.rb:40:in `call_app'
railties (7.0.8) lib/rails/rack/logger.rb:25:in `block in call'
activesupport (7.0.8) lib/active_support/tagged_logging.rb:99:in `block in tagged'
activesupport (7.0.8) lib/active_support/tagged_logging.rb:37:in `tagged'
activesupport (7.0.8) lib/active_support/tagged_logging.rb:99:in `tagged'
railties (7.0.8) lib/rails/rack/logger.rb:25:in `call'
sprockets-rails (3.4.2) lib/sprockets/rails/quiet_assets.rb:13:in `call'
actionpack (7.0.8) lib/action_dispatch/middleware/remote_ip.rb:93:in `call'
actionpack (7.0.8) lib/action_dispatch/middleware/request_id.rb:26:in `call'
rack (2.2.8) lib/rack/method_override.rb:24:in `call'
rack (2.2.8) lib/rack/runtime.rb:22:in `call'
activesupport (7.0.8) lib/active_support/cache/strategy/local_cache_middleware.rb:29:in `call'
actionpack (7.0.8) lib/action_dispatch/middleware/server_timing.rb:61:in `block in call'
actionpack (7.0.8) lib/action_dispatch/middleware/server_timing.rb:26:in `collect_events'
actionpack (7.0.8) lib/action_dispatch/middleware/server_timing.rb:60:in `call'
actionpack (7.0.8) lib/action_dispatch/middleware/executor.rb:14:in `call'
actionpack (7.0.8) lib/action_dispatch/middleware/static.rb:23:in `call'
rack (2.2.8) lib/rack/sendfile.rb:110:in `call'
actionpack (7.0.8) lib/action_dispatch/middleware/host_authorization.rb:138:in `call'
railties (7.0.8) lib/rails/engine.rb:530:in `call'
puma (5.6.7) lib/puma/configuration.rb:252:in `call'
puma (5.6.7) lib/puma/request.rb:77:in `block in handle_request'
puma (5.6.7) lib/puma/thread_pool.rb:340:in `with_force_shutdown'
puma (5.6.7) lib/puma/request.rb:76:in `handle_request'
puma (5.6.7) lib/puma/server.rb:443:in `process_client'
puma (5.6.7) lib/puma/thread_pool.rb:147:in `block in spawn_thread'
  [1m[35m (288.7ms)[0m  [1m[35mCREATE DATABASE "blog_challenge_development" ENCODING = 'unicode'[0m
  [1m[35m (52.7ms)[0m  [1m[35mCREATE DATABASE "blog_challenge_test" ENCODING = 'unicode'[0m
Started GET "/" for ::1 at 2023-10-04 15:58:27 -0700
  [1m[35m (10.6ms)[0m  [1m[35mCREATE TABLE "schema_migrations" ("version" character varying NOT NULL PRIMARY KEY)[0m
  [1m[35m (3.7ms)[0m  [1m[35mCREATE TABLE "ar_internal_metadata" ("key" character varying NOT NULL PRIMARY KEY, "value" character varying, "created_at" timestamp(6) NOT NULL, "updated_at" timestamp(6) NOT NULL)[0m
  [1m[36mActiveRecord::SchemaMigration Pluck (0.7ms)[0m  [1m[34mSELECT "schema_migrations"."version" FROM "schema_migrations" ORDER BY "schema_migrations"."version" ASC[0m
  
ActiveRecord::PendingMigrationError (

Migrations are pending. To resolve this issue, run:

        bin/rails db:migrate RAILS_ENV=development

You have 1 pending migration:

20231004220210_create_blogs.rb


):
  
activerecord (7.0.8) lib/active_record/migration.rb:662:in `check_pending!'
activerecord (7.0.8) lib/active_record/migration.rb:627:in `block (2 levels) in call'
activesupport (7.0.8) lib/active_support/file_update_checker.rb:83:in `execute'
activerecord (7.0.8) lib/active_record/migration.rb:632:in `block in call'
activerecord (7.0.8) lib/active_record/migration.rb:624:in `synchronize'
activerecord (7.0.8) lib/active_record/migration.rb:624:in `call'
actionpack (7.0.8) lib/action_dispatch/middleware/callbacks.rb:27:in `block in call'
activesupport (7.0.8) lib/active_support/callbacks.rb:99:in `run_callbacks'
actionpack (7.0.8) lib/action_dispatch/middleware/callbacks.rb:26:in `call'
actionpack (7.0.8) lib/action_dispatch/middleware/executor.rb:14:in `call'
actionpack (7.0.8) lib/action_dispatch/middleware/actionable_exceptions.rb:17:in `call'
actionpack (7.0.8) lib/action_dispatch/middleware/debug_exceptions.rb:28:in `call'
web-console (4.2.1) lib/web_console/middleware.rb:132:in `call_app'
web-console (4.2.1) lib/web_console/middleware.rb:28:in `block in call'
web-console (4.2.1) lib/web_console/middleware.rb:17:in `catch'
web-console (4.2.1) lib/web_console/middleware.rb:17:in `call'
actionpack (7.0.8) lib/action_dispatch/middleware/show_exceptions.rb:29:in `call'
railties (7.0.8) lib/rails/rack/logger.rb:40:in `call_app'
railties (7.0.8) lib/rails/rack/logger.rb:25:in `block in call'
activesupport (7.0.8) lib/active_support/tagged_logging.rb:99:in `block in tagged'
activesupport (7.0.8) lib/active_support/tagged_logging.rb:37:in `tagged'
activesupport (7.0.8) lib/active_support/tagged_logging.rb:99:in `tagged'
railties (7.0.8) lib/rails/rack/logger.rb:25:in `call'
sprockets-rails (3.4.2) lib/sprockets/rails/quiet_assets.rb:13:in `call'
actionpack (7.0.8) lib/action_dispatch/middleware/remote_ip.rb:93:in `call'
actionpack (7.0.8) lib/action_dispatch/middleware/request_id.rb:26:in `call'
rack (2.2.8) lib/rack/method_override.rb:24:in `call'
rack (2.2.8) lib/rack/runtime.rb:22:in `call'
activesupport (7.0.8) lib/active_support/cache/strategy/local_cache_middleware.rb:29:in `call'
actionpack (7.0.8) lib/action_dispatch/middleware/server_timing.rb:61:in `block in call'
actionpack (7.0.8) lib/action_dispatch/middleware/server_timing.rb:26:in `collect_events'
actionpack (7.0.8) lib/action_dispatch/middleware/server_timing.rb:60:in `call'
actionpack (7.0.8) lib/action_dispatch/middleware/executor.rb:14:in `call'
actionpack (7.0.8) lib/action_dispatch/middleware/static.rb:23:in `call'
rack (2.2.8) lib/rack/sendfile.rb:110:in `call'
actionpack (7.0.8) lib/action_dispatch/middleware/host_authorization.rb:138:in `call'
railties (7.0.8) lib/rails/engine.rb:530:in `call'
puma (5.6.7) lib/puma/configuration.rb:252:in `call'
puma (5.6.7) lib/puma/request.rb:77:in `block in handle_request'
puma (5.6.7) lib/puma/thread_pool.rb:340:in `with_force_shutdown'
puma (5.6.7) lib/puma/request.rb:76:in `handle_request'
puma (5.6.7) lib/puma/server.rb:443:in `process_client'
puma (5.6.7) lib/puma/thread_pool.rb:147:in `block in spawn_thread'
  [1m[35m (0.6ms)[0m  [1m[34mSELECT pg_try_advisory_lock(1131589309581606540)[0m
  [1m[36mActiveRecord::SchemaMigration Pluck (0.5ms)[0m  [1m[34mSELECT "schema_migrations"."version" FROM "schema_migrations" ORDER BY "schema_migrations"."version" ASC[0m
Migrating to CreateBlogs (20231004220210)
  [1m[36mTRANSACTION (0.1ms)[0m  [1m[35mBEGIN[0m
  [1m[35m (5.3ms)[0m  [1m[35mCREATE TABLE "blogs" ("id" bigserial primary key, "title" character varying, "content" character varying, "created_at" timestamp(6) NOT NULL, "updated_at" timestamp(6) NOT NULL)[0m
  [1m[36mActiveRecord::SchemaMigration Create (0.9ms)[0m  [1m[32mINSERT INTO "schema_migrations" ("version") VALUES ($1) RETURNING "version"[0m  [["version", "20231004220210"]]
  [1m[36mTRANSACTION (0.5ms)[0m  [1m[35mCOMMIT[0m
  [1m[36mActiveRecord::InternalMetadata Load (0.5ms)[0m  [1m[34mSELECT "ar_internal_metadata".* FROM "ar_internal_metadata" WHERE "ar_internal_metadata"."key" = $1 LIMIT $2[0m  [["key", "environment"], ["LIMIT", 1]]
  [1m[36mTRANSACTION (0.0ms)[0m  [1m[35mBEGIN[0m
  [1m[36mActiveRecord::InternalMetadata Create (0.8ms)[0m  [1m[32mINSERT INTO "ar_internal_metadata" ("key", "value", "created_at", "updated_at") VALUES ($1, $2, $3, $4) RETURNING "key"[0m  [["key", "environment"], ["value", "development"], ["created_at", "2023-10-04 22:58:42.885977"], ["updated_at", "2023-10-04 22:58:42.885977"]]
  [1m[36mTRANSACTION (0.2ms)[0m  [1m[35mCOMMIT[0m
  [1m[35m (0.2ms)[0m  [1m[34mSELECT pg_advisory_unlock(1131589309581606540)[0m
  [1m[36mActiveRecord::SchemaMigration Pluck (0.5ms)[0m  [1m[34mSELECT "schema_migrations"."version" FROM "schema_migrations" ORDER BY "schema_migrations"."version" ASC[0m
Started GET "/" for ::1 at 2023-10-04 15:58:46 -0700
  [1m[36mActiveRecord::SchemaMigration Pluck (0.3ms)[0m  [1m[34mSELECT "schema_migrations"."version" FROM "schema_migrations" ORDER BY "schema_migrations"."version" ASC[0m
Processing by Rails::WelcomeController#index as HTML
  Rendering /Users/learnacademy/.rvm/gems/ruby-3.2.0/gems/railties-7.0.8/lib/rails/templates/rails/welcome/index.html.erb
  Rendered /Users/learnacademy/.rvm/gems/ruby-3.2.0/gems/railties-7.0.8/lib/rails/templates/rails/welcome/index.html.erb (Duration: 1.2ms | Allocations: 281)
Completed 200 OK in 9ms (Views: 2.1ms | ActiveRecord: 0.0ms | Allocations: 2835)


Started GET "/blogs" for ::1 at 2023-10-04 15:59:00 -0700
Processing by BlogController#index as HTML
  Rendering layout layouts/application.html.erb
  Rendering blog/index.html.erb within layouts/application
  Rendered blog/index.html.erb within layouts/application (Duration: 0.7ms | Allocations: 202)
  Rendered layout layouts/application.html.erb (Duration: 183.1ms | Allocations: 91966)
Completed 200 OK in 187ms (Views: 184.5ms | ActiveRecord: 0.0ms | Allocations: 93579)


  [1m[36mTRANSACTION (0.2ms)[0m  [1m[35mBEGIN[0m
  [1m[36mBlog Create (2.8ms)[0m  [1m[32mINSERT INTO "blogs" ("title", "content", "created_at", "updated_at") VALUES ($1, $2, $3, $4) RETURNING "id"[0m  [["title", "derailed"], ["content", "The Tale od Rails"], ["created_at", "2023-10-04 23:03:47.342245"], ["updated_at", "2023-10-04 23:03:47.342245"]]
  [1m[36mTRANSACTION (2.1ms)[0m  [1m[35mCOMMIT[0m
Started GET "/blogs" for ::1 at 2023-10-04 16:04:01 -0700
  
SyntaxError (/Users/learnacademy/Desktop/learn_challenges/full-stack-rails-derailed/app/controllers/blog_controller.rb:7: syntax error, unexpected `end'
    end
    ^~~
):
  
app/controllers/blog_controller.rb:7: syntax error, unexpected `end'
app/controllers/blog_controller.rb:7: syntax error, unexpected `end'
Started GET "/blogs" for ::1 at 2023-10-04 16:04:26 -0700
Processing by BlogController#index as HTML
  Rendering layout layouts/application.html.erb
  Rendering blog/index.html.erb within layouts/application
  Rendered blog/index.html.erb within layouts/application (Duration: 0.2ms | Allocations: 79)
  Rendered layout layouts/application.html.erb (Duration: 10.9ms | Allocations: 13280)
Completed 200 OK in 14ms (Views: 11.7ms | ActiveRecord: 0.0ms | Allocations: 14348)


Started GET "/blogs" for ::1 at 2023-10-04 16:05:02 -0700
Processing by BlogController#index as HTML
  Rendering layout layouts/application.html.erb
  Rendering blog/index.html.erb within layouts/application
  Rendered blog/index.html.erb within layouts/application (Duration: 0.9ms | Allocations: 1074)
  Rendered layout layouts/application.html.erb (Duration: 1.1ms | Allocations: 1162)
Completed 500 Internal Server Error in 6ms (ActiveRecord: 0.0ms | Allocations: 1983)


  
ActionView::Template::Error (undefined method `all' for nil:NilClass):
    1: <h1> Welcome to my blog! </h1>
    2: 
    3: <%= @blog.all %>
  
app/views/blog/index.html.erb:3
Started GET "/show" for ::1 at 2023-10-04 16:05:43 -0700
  
ActionController::RoutingError (No route matches [GET] "/show"):
  
Started GET "/show" for ::1 at 2023-10-04 16:06:34 -0700
  
ActionController::RoutingError (No route matches [GET] "/show"):
  
Started GET "/blogs" for ::1 at 2023-10-04 16:06:42 -0700
Processing by BlogController#index as HTML
  Rendering layout layouts/application.html.erb
  Rendering blog/index.html.erb within layouts/application
  [1m[36mBlog Load (1.0ms)[0m  [1m[34mSELECT "blogs".* FROM "blogs" /* loading for inspect */ LIMIT $1[0m  [["LIMIT", 11]]
  Rendered blog/index.html.erb within layouts/application (Duration: 35.1ms | Allocations: 16382)
  Rendered layout layouts/application.html.erb (Duration: 35.3ms | Allocations: 16470)
Completed 500 Internal Server Error in 39ms (ActiveRecord: 6.5ms | Allocations: 17226)


  
ActionView::Template::Error (undefined method `nmae' for #<ActiveRecord::Relation [#<Blog id: 1, title: "derailed", content: "The Tale od Rails", created_at: "2023-10-04 23:03:47.342245000 +0000", updated_at: "2023-10-04 23:03:47.342245000 +0000">]>):
    1: <h1> Welcome to my blog! </h1>
    2: 
    3: <%= @blogs.nmae %>
  
app/views/blog/index.html.erb:3
Started GET "/blogs" for ::1 at 2023-10-04 16:06:53 -0700
Processing by BlogController#index as HTML
  Rendering layout layouts/application.html.erb
  Rendering blog/index.html.erb within layouts/application
  Rendered blog/index.html.erb within layouts/application (Duration: 0.8ms | Allocations: 164)
  Rendered layout layouts/application.html.erb (Duration: 7.5ms | Allocations: 2792)
Completed 200 OK in 13ms (Views: 10.6ms | ActiveRecord: 0.0ms | Allocations: 3612)


Started GET "/blogs" for ::1 at 2023-10-04 16:07:15 -0700
Processing by BlogController#index as HTML
  Rendering layout layouts/application.html.erb
  Rendering blog/index.html.erb within layouts/application
  [1m[36mBlog Load (0.7ms)[0m  [1m[34mSELECT "blogs".* FROM "blogs" /* loading for inspect */ LIMIT $1[0m  [["LIMIT", 11]]
  Rendered blog/index.html.erb within layouts/application (Duration: 6.2ms | Allocations: 2309)
  Rendered layout layouts/application.html.erb (Duration: 6.3ms | Allocations: 2397)
Completed 500 Internal Server Error in 11ms (ActiveRecord: 0.7ms | Allocations: 3194)


  
ActionView::Template::Error (undefined method `title' for #<ActiveRecord::Relation [#<Blog id: 1, title: "derailed", content: "The Tale od Rails", created_at: "2023-10-04 23:03:47.342245000 +0000", updated_at: "2023-10-04 23:03:47.342245000 +0000">]>):
    1: <h1> Welcome to my blog! </h1>
    2: 
    3: <%= @blogs.title %>
  
app/views/blog/index.html.erb:3
Started GET "/blogs" for ::1 at 2023-10-04 16:07:39 -0700
Processing by BlogController#index as HTML
  Rendering layout layouts/application.html.erb
  Rendering blog/index.html.erb within layouts/application
  Rendered blog/index.html.erb within layouts/application (Duration: 0.9ms | Allocations: 123)
  Rendered layout layouts/application.html.erb (Duration: 6.8ms | Allocations: 2739)
Completed 200 OK in 11ms (Views: 9.3ms | ActiveRecord: 0.0ms | Allocations: 3559)


Started GET "/blogs" for ::1 at 2023-10-04 16:14:50 -0700
Processing by BlogController#index as HTML
  Rendering layout layouts/application.html.erb
  Rendering blog/index.html.erb within layouts/application
  Rendered blog/index.html.erb within layouts/application (Duration: 0.5ms | Allocations: 178)
  Rendered layout layouts/application.html.erb (Duration: 10.1ms | Allocations: 13560)
Completed 200 OK in 13ms (Views: 11.2ms | ActiveRecord: 0.0ms | Allocations: 15002)


Started GET "/blogs/1" for ::1 at 2023-10-04 16:14:59 -0700
Processing by BlogController#show as HTML
  Parameters: {"id"=>"1"}
  [1m[36mBlog Load (0.6ms)[0m  [1m[34mSELECT "blogs".* FROM "blogs" WHERE "blogs"."id" = $1 LIMIT $2[0m  [["id", 1], ["LIMIT", 1]]
  ↳ app/controllers/blog_controller.rb:6:in `show'
  Rendering layout layouts/application.html.erb
  Rendering blog/show.html.erb within layouts/application
  Rendered blog/show.html.erb within layouts/application (Duration: 0.8ms | Allocations: 131)
  Rendered layout layouts/application.html.erb (Duration: 5.2ms | Allocations: 2467)
Completed 200 OK in 39ms (Views: 6.0ms | ActiveRecord: 10.8ms | Allocations: 8720)


Started GET "/blogs/1" for ::1 at 2023-10-04 16:22:11 -0700
Processing by BlogController#show as HTML
  Parameters: {"id"=>"1"}
  [1m[36mBlog Load (0.5ms)[0m  [1m[34mSELECT "blogs".* FROM "blogs" WHERE "blogs"."id" = $1 LIMIT $2[0m  [["id", 1], ["LIMIT", 1]]
  ↳ app/controllers/blog_controller.rb:6:in `show'
  Rendering layout layouts/application.html.erb
  Rendering blog/show.html.erb within layouts/application
  Rendered blog/show.html.erb within layouts/application (Duration: 1.2ms | Allocations: 129)
  Rendered layout layouts/application.html.erb (Duration: 8.8ms | Allocations: 2721)
Completed 200 OK in 40ms (Views: 13.7ms | ActiveRecord: 11.0ms | Allocations: 6859)


Started GET "/blogs" for ::1 at 2023-10-04 16:22:17 -0700
Processing by BlogController#index as HTML
  Rendering layout layouts/application.html.erb
  Rendering blog/index.html.erb within layouts/application
  Rendered blog/index.html.erb within layouts/application (Duration: 3.5ms | Allocations: 1082)
  Rendered layout layouts/application.html.erb (Duration: 3.9ms | Allocations: 1170)
Completed 500 Internal Server Error in 7ms (ActiveRecord: 0.0ms | Allocations: 1484)


  
ActionView::Template::Error (undefined method `link_' for #<ActionView::Base:0x00000000017318>):
    2: 
    3: <%= @blogs.name %>
    4: 
    5: <%= link_'Blog Post 1', '/blogs/1' %>
  
app/views/blog/index.html.erb:5
Started GET "/blogs" for ::1 at 2023-10-04 16:22:21 -0700
Processing by BlogController#index as HTML
  Rendering layout layouts/application.html.erb
  Rendering blog/index.html.erb within layouts/application
  Rendered blog/index.html.erb within layouts/application (Duration: 0.6ms | Allocations: 942)
  Rendered layout layouts/application.html.erb (Duration: 0.8ms | Allocations: 1029)
Completed 500 Internal Server Error in 3ms (ActiveRecord: 0.0ms | Allocations: 1274)


  
ActionView::Template::Error (undefined method `link_' for #<ActionView::Base:0x000000000175e8>):
    2: 
    3: <%= @blogs.name %>
    4: 
    5: <%= link_'Blog Post 1', '/blogs/1' %>
  
app/views/blog/index.html.erb:5
Started GET "/blogs" for ::1 at 2023-10-04 16:22:37 -0700
Processing by BlogController#index as HTML
  Rendering layout layouts/application.html.erb
  Rendering blog/index.html.erb within layouts/application
  Rendered blog/index.html.erb within layouts/application (Duration: 0.6ms | Allocations: 171)
  Rendered layout layouts/application.html.erb (Duration: 5.9ms | Allocations: 2805)
Completed 200 OK in 10ms (Views: 8.1ms | ActiveRecord: 0.0ms | Allocations: 3624)


Started GET "/blogs/1" for ::1 at 2023-10-04 16:22:40 -0700
Processing by BlogController#show as HTML
  Parameters: {"id"=>"1"}
  [1m[36mBlog Load (0.4ms)[0m  [1m[34mSELECT "blogs".* FROM "blogs" WHERE "blogs"."id" = $1 LIMIT $2[0m  [["id", 1], ["LIMIT", 1]]
  ↳ app/controllers/blog_controller.rb:6:in `show'
  Rendering layout layouts/application.html.erb
  Rendering blog/show.html.erb within layouts/application
  Rendered blog/show.html.erb within layouts/application (Duration: 1.2ms | Allocations: 125)
  Rendered layout layouts/application.html.erb (Duration: 6.3ms | Allocations: 2439)
Completed 200 OK in 10ms (Views: 7.0ms | ActiveRecord: 0.4ms | Allocations: 3261)


Started GET "/blogs/1" for ::1 at 2023-10-04 16:24:14 -0700
Processing by BlogController#show as HTML
  Parameters: {"id"=>"1"}
  [1m[36mBlog Load (0.5ms)[0m  [1m[34mSELECT "blogs".* FROM "blogs" WHERE "blogs"."id" = $1 LIMIT $2[0m  [["id", 1], ["LIMIT", 1]]
  ↳ app/controllers/blog_controller.rb:6:in `show'
  Rendering layout layouts/application.html.erb
  Rendering blog/show.html.erb within layouts/application
  Rendered blog/show.html.erb within layouts/application (Duration: 0.9ms | Allocations: 174)
  Rendered layout layouts/application.html.erb (Duration: 7.0ms | Allocations: 2766)
Completed 200 OK in 14ms (Views: 9.9ms | ActiveRecord: 0.5ms | Allocations: 4081)


Started GET "/blogs" for ::1 at 2023-10-04 16:24:17 -0700
Processing by BlogController#index as HTML
  Rendering layout layouts/application.html.erb
  Rendering blog/index.html.erb within layouts/application
  Rendered blog/index.html.erb within layouts/application (Duration: 1.1ms | Allocations: 157)
  Rendered layout layouts/application.html.erb (Duration: 5.5ms | Allocations: 2484)
Completed 200 OK in 8ms (Views: 6.2ms | ActiveRecord: 0.0ms | Allocations: 2810)


Started GET "/" for ::1 at 2023-10-05 11:24:13 -0700
  [1m[36mActiveRecord::SchemaMigration Pluck (0.8ms)[0m  [1m[34mSELECT "schema_migrations"."version" FROM "schema_migrations" ORDER BY "schema_migrations"."version" ASC[0m
Processing by Rails::WelcomeController#index as HTML
  Rendering /Users/learnacademy/.rvm/gems/ruby-3.2.0/gems/railties-7.0.8/lib/rails/templates/rails/welcome/index.html.erb
  Rendered /Users/learnacademy/.rvm/gems/ruby-3.2.0/gems/railties-7.0.8/lib/rails/templates/rails/welcome/index.html.erb (Duration: 1.4ms | Allocations: 635)
Completed 200 OK in 15ms (Views: 4.5ms | ActiveRecord: 0.0ms | Allocations: 7330)


Started GET "/new" for ::1 at 2023-10-05 11:36:38 -0700
  
ActionController::RoutingError (No route matches [GET] "/new"):
  
Started GET "/blogs/new" for ::1 at 2023-10-05 11:36:53 -0700
Processing by BlogController#show as HTML
  Parameters: {"id"=>"new"}
  [1m[36mBlog Load (1.0ms)[0m  [1m[34mSELECT "blogs".* FROM "blogs" WHERE "blogs"."id" = $1 LIMIT $2[0m  [["id", nil], ["LIMIT", 1]]
  ↳ app/controllers/blog_controller.rb:6:in `show'
Completed 404 Not Found in 59ms (ActiveRecord: 25.9ms | Allocations: 7339)


  
ActiveRecord::RecordNotFound (Couldn't find Blog with 'id'=new):
  
app/controllers/blog_controller.rb:6:in `show'
Started GET "/blogs/id/new" for ::1 at 2023-10-05 11:37:19 -0700
  
ActionController::RoutingError (No route matches [GET] "/blogs/id/new"):
  
Started GET "/blogs/1/new" for ::1 at 2023-10-05 11:37:30 -0700
  
ActionController::RoutingError (No route matches [GET] "/blogs/1/new"):
  
Started GET "/blogs/new" for ::1 at 2023-10-05 11:37:35 -0700
Processing by BlogController#show as HTML
  Parameters: {"id"=>"new"}
  [1m[36mBlog Load (0.2ms)[0m  [1m[34mSELECT "blogs".* FROM "blogs" WHERE "blogs"."id" = $1 LIMIT $2[0m  [["id", nil], ["LIMIT", 1]]
  ↳ app/controllers/blog_controller.rb:6:in `show'
Completed 404 Not Found in 3ms (ActiveRecord: 0.2ms | Allocations: 954)


  
ActiveRecord::RecordNotFound (Couldn't find Blog with 'id'=new):
  
app/controllers/blog_controller.rb:6:in `show'
Started GET "/blogs" for ::1 at 2023-10-05 11:39:19 -0700
Processing by BlogController#index as HTML
  Rendering layout layouts/application.html.erb
  Rendering blog/index.html.erb within layouts/application
  Rendered blog/index.html.erb within layouts/application (Duration: 1.1ms | Allocations: 238)
  Rendered layout layouts/application.html.erb (Duration: 50.2ms | Allocations: 33603)
Completed 200 OK in 55ms (Views: 52.9ms | ActiveRecord: 0.0ms | Allocations: 34458)


Started GET "/blogs/1" for ::1 at 2023-10-05 11:39:21 -0700
Processing by BlogController#show as HTML
  Parameters: {"id"=>"1"}
  [1m[36mBlog Load (0.3ms)[0m  [1m[34mSELECT "blogs".* FROM "blogs" WHERE "blogs"."id" = $1 LIMIT $2[0m  [["id", 1], ["LIMIT", 1]]
  ↳ app/controllers/blog_controller.rb:6:in `show'
Completed 404 Not Found in 2ms (ActiveRecord: 0.3ms | Allocations: 951)


  
ActiveRecord::RecordNotFound (Couldn't find Blog with 'id'=1):
  
app/controllers/blog_controller.rb:6:in `show'
Started GET "/blogs/1" for ::1 at 2023-10-05 11:40:39 -0700
Processing by BlogController#show as HTML
  Parameters: {"id"=>"1"}
  [1m[36mBlog Load (0.4ms)[0m  [1m[34mSELECT "blogs".* FROM "blogs" WHERE "blogs"."id" = $1 LIMIT $2[0m  [["id", 1], ["LIMIT", 1]]
  ↳ app/controllers/blog_controller.rb:6:in `show'
Completed 404 Not Found in 3ms (ActiveRecord: 0.4ms | Allocations: 958)


  
ActiveRecord::RecordNotFound (Couldn't find Blog with 'id'=1):
  
app/controllers/blog_controller.rb:6:in `show'
Started GET "/blogs/1" for ::1 at 2023-10-05 11:40:40 -0700
Processing by BlogController#show as HTML
  Parameters: {"id"=>"1"}
  [1m[36mBlog Load (0.3ms)[0m  [1m[34mSELECT "blogs".* FROM "blogs" WHERE "blogs"."id" = $1 LIMIT $2[0m  [["id", 1], ["LIMIT", 1]]
  ↳ app/controllers/blog_controller.rb:6:in `show'
Completed 404 Not Found in 2ms (ActiveRecord: 0.3ms | Allocations: 944)


  
ActiveRecord::RecordNotFound (Couldn't find Blog with 'id'=1):
  
app/controllers/blog_controller.rb:6:in `show'
  [1m[36mBlog Load (0.3ms)[0m  [1m[34mSELECT "blogs".* FROM "blogs" WHERE "blogs"."id" = $1 LIMIT $2[0m  [["id", 1], ["LIMIT", 1]]
  [1m[36mBlog Load (0.4ms)[0m  [1m[34mSELECT "blogs".* FROM "blogs"[0m
  [1m[35m (0.1ms)[0m  [1m[34mSELECT pg_try_advisory_lock(1131589309581606540)[0m
  [1m[36mActiveRecord::SchemaMigration Pluck (0.5ms)[0m  [1m[34mSELECT "schema_migrations"."version" FROM "schema_migrations" ORDER BY "schema_migrations"."version" ASC[0m
  [1m[36mActiveRecord::InternalMetadata Load (0.6ms)[0m  [1m[34mSELECT "ar_internal_metadata".* FROM "ar_internal_metadata" WHERE "ar_internal_metadata"."key" = $1 LIMIT $2[0m  [["key", "environment"], ["LIMIT", 1]]
  [1m[35m (0.2ms)[0m  [1m[34mSELECT pg_advisory_unlock(1131589309581606540)[0m
  [1m[36mActiveRecord::SchemaMigration Pluck (0.5ms)[0m  [1m[34mSELECT "schema_migrations"."version" FROM "schema_migrations" ORDER BY "schema_migrations"."version" ASC[0m
  [1m[36mTRANSACTION (0.1ms)[0m  [1m[35mBEGIN[0m
  [1m[36mBlog Create (4.4ms)[0m  [1m[32mINSERT INTO "blogs" ("title", "content", "created_at", "updated_at") VALUES ($1, $2, $3, $4) RETURNING "id"[0m  [["title", "Post 1"], ["content", "this is our post"], ["created_at", "2023-10-05 18:45:34.541515"], ["updated_at", "2023-10-05 18:45:34.541515"]]
  [1m[36mTRANSACTION (1.3ms)[0m  [1m[35mCOMMIT[0m
  [1m[36mBlog Load (0.5ms)[0m  [1m[34mSELECT "blogs".* FROM "blogs"[0m
Started GET "/blogs/1" for ::1 at 2023-10-05 11:45:43 -0700
Processing by BlogController#show as HTML
  Parameters: {"id"=>"1"}
  [1m[36mBlog Load (10.4ms)[0m  [1m[34mSELECT "blogs".* FROM "blogs" WHERE "blogs"."id" = $1 LIMIT $2[0m  [["id", 1], ["LIMIT", 1]]
  ↳ app/controllers/blog_controller.rb:6:in `show'
  Rendering layout layouts/application.html.erb
  Rendering blog/show.html.erb within layouts/application
  Rendered blog/show.html.erb within layouts/application (Duration: 0.4ms | Allocations: 185)
  Rendered layout layouts/application.html.erb (Duration: 13.3ms | Allocations: 13238)
Completed 200 OK in 63ms (Views: 14.8ms | ActiveRecord: 14.1ms | Allocations: 19390)


Started GET "/blogs/1/new" for ::1 at 2023-10-05 11:45:50 -0700
  
ActionController::RoutingError (No route matches [GET] "/blogs/1/new"):
  
Started GET "/blogs/new" for ::1 at 2023-10-05 11:45:56 -0700
Processing by BlogController#show as HTML
  Parameters: {"id"=>"new"}
  [1m[36mBlog Load (0.2ms)[0m  [1m[34mSELECT "blogs".* FROM "blogs" WHERE "blogs"."id" = $1 LIMIT $2[0m  [["id", nil], ["LIMIT", 1]]
  ↳ app/controllers/blog_controller.rb:6:in `show'
Completed 404 Not Found in 2ms (ActiveRecord: 0.2ms | Allocations: 953)


  
ActiveRecord::RecordNotFound (Couldn't find Blog with 'id'=new):
  
app/controllers/blog_controller.rb:6:in `show'
Started GET "/blogs" for ::1 at 2023-10-05 11:46:05 -0700
Processing by BlogController#index as HTML
  Rendering layout layouts/application.html.erb
  Rendering blog/index.html.erb within layouts/application
  Rendered blog/index.html.erb within layouts/application (Duration: 0.6ms | Allocations: 81)
  Rendered layout layouts/application.html.erb (Duration: 6.7ms | Allocations: 2365)
Completed 200 OK in 8ms (Views: 7.3ms | ActiveRecord: 0.0ms | Allocations: 2636)


Started GET "/blogs/1" for ::1 at 2023-10-05 11:46:06 -0700
Processing by BlogController#show as HTML
  Parameters: {"id"=>"1"}
  [1m[36mBlog Load (0.2ms)[0m  [1m[34mSELECT "blogs".* FROM "blogs" WHERE "blogs"."id" = $1 LIMIT $2[0m  [["id", 1], ["LIMIT", 1]]
  ↳ app/controllers/blog_controller.rb:6:in `show'
  Rendering layout layouts/application.html.erb
  Rendering blog/show.html.erb within layouts/application
  Rendered blog/show.html.erb within layouts/application (Duration: 0.1ms | Allocations: 29)
  Rendered layout layouts/application.html.erb (Duration: 4.0ms | Allocations: 2283)
Completed 200 OK in 7ms (Views: 4.6ms | ActiveRecord: 0.2ms | Allocations: 3049)


Started GET "/blogs" for ::1 at 2023-10-05 11:47:08 -0700
Processing by BlogController#index as HTML
  Rendering layout layouts/application.html.erb
  Rendering blog/index.html.erb within layouts/application
  Rendered blog/index.html.erb within layouts/application (Duration: 0.4ms | Allocations: 32)
  Rendered layout layouts/application.html.erb (Duration: 6.3ms | Allocations: 2294)
Completed 200 OK in 8ms (Views: 7.2ms | ActiveRecord: 0.0ms | Allocations: 2564)


Started GET "/blogs/1" for ::1 at 2023-10-05 11:47:08 -0700
Processing by BlogController#show as HTML
  Parameters: {"id"=>"1"}
  [1m[36mBlog Load (0.5ms)[0m  [1m[34mSELECT "blogs".* FROM "blogs" WHERE "blogs"."id" = $1 LIMIT $2[0m  [["id", 1], ["LIMIT", 1]]
  ↳ app/controllers/blog_controller.rb:6:in `show'
  Rendering layout layouts/application.html.erb
  Rendering blog/show.html.erb within layouts/application
  Rendered blog/show.html.erb within layouts/application (Duration: 0.2ms | Allocations: 29)
  Rendered layout layouts/application.html.erb (Duration: 4.3ms | Allocations: 2289)
Completed 200 OK in 9ms (Views: 4.8ms | ActiveRecord: 0.5ms | Allocations: 3062)


Started GET "/blogs" for ::1 at 2023-10-05 11:47:09 -0700
Processing by BlogController#index as HTML
  Rendering layout layouts/application.html.erb
  Rendering blog/index.html.erb within layouts/application
  Rendered blog/index.html.erb within layouts/application (Duration: 0.1ms | Allocations: 29)
  Rendered layout layouts/application.html.erb (Duration: 4.3ms | Allocations: 2297)
Completed 200 OK in 6ms (Views: 4.8ms | ActiveRecord: 0.0ms | Allocations: 2567)


Started GET "/blogs/1" for ::1 at 2023-10-05 11:47:09 -0700
Processing by BlogController#show as HTML
  Parameters: {"id"=>"1"}
  [1m[36mBlog Load (0.2ms)[0m  [1m[34mSELECT "blogs".* FROM "blogs" WHERE "blogs"."id" = $1 LIMIT $2[0m  [["id", 1], ["LIMIT", 1]]
  ↳ app/controllers/blog_controller.rb:6:in `show'
  Rendering layout layouts/application.html.erb
  Rendering blog/show.html.erb within layouts/application
  Rendered blog/show.html.erb within layouts/application (Duration: 0.1ms | Allocations: 29)
  Rendered layout layouts/application.html.erb (Duration: 4.2ms | Allocations: 2304)
Completed 200 OK in 7ms (Views: 4.8ms | ActiveRecord: 0.2ms | Allocations: 3070)


Started GET "/blogs" for ::1 at 2023-10-05 11:47:10 -0700
Processing by BlogController#index as HTML
  Rendering layout layouts/application.html.erb
  Rendering blog/index.html.erb within layouts/application
  Rendered blog/index.html.erb within layouts/application (Duration: 0.1ms | Allocations: 29)
  Rendered layout layouts/application.html.erb (Duration: 3.6ms | Allocations: 2318)
Completed 200 OK in 5ms (Views: 4.2ms | ActiveRecord: 0.0ms | Allocations: 2588)


Started GET "/blogs/1" for ::1 at 2023-10-05 11:47:10 -0700
Processing by BlogController#show as HTML
  Parameters: {"id"=>"1"}
  [1m[36mBlog Load (0.3ms)[0m  [1m[34mSELECT "blogs".* FROM "blogs" WHERE "blogs"."id" = $1 LIMIT $2[0m  [["id", 1], ["LIMIT", 1]]
  ↳ app/controllers/blog_controller.rb:6:in `show'
  Rendering layout layouts/application.html.erb
  Rendering blog/show.html.erb within layouts/application
  Rendered blog/show.html.erb within layouts/application (Duration: 0.1ms | Allocations: 29)
  Rendered layout layouts/application.html.erb (Duration: 3.9ms | Allocations: 2298)
Completed 200 OK in 7ms (Views: 4.4ms | ActiveRecord: 0.3ms | Allocations: 3064)


Started GET "/blogs" for ::1 at 2023-10-05 11:47:13 -0700
Processing by BlogController#index as HTML
  Rendering layout layouts/application.html.erb
  Rendering blog/index.html.erb within layouts/application
  Rendered blog/index.html.erb within layouts/application (Duration: 0.1ms | Allocations: 29)
  Rendered layout layouts/application.html.erb (Duration: 3.3ms | Allocations: 2294)
Completed 200 OK in 4ms (Views: 3.8ms | ActiveRecord: 0.0ms | Allocations: 2564)


Started GET "/blogs/new" for ::1 at 2023-10-05 11:47:15 -0700
Processing by BlogController#show as HTML
  Parameters: {"id"=>"new"}
  [1m[36mBlog Load (0.3ms)[0m  [1m[34mSELECT "blogs".* FROM "blogs" WHERE "blogs"."id" = $1 LIMIT $2[0m  [["id", nil], ["LIMIT", 1]]
  ↳ app/controllers/blog_controller.rb:6:in `show'
Completed 404 Not Found in 3ms (ActiveRecord: 0.3ms | Allocations: 944)


  
ActiveRecord::RecordNotFound (Couldn't find Blog with 'id'=new):
  
app/controllers/blog_controller.rb:6:in `show'
Started GET "/blogs/new" for ::1 at 2023-10-05 11:47:16 -0700
Processing by BlogController#show as HTML
  Parameters: {"id"=>"new"}
  [1m[36mBlog Load (0.2ms)[0m  [1m[34mSELECT "blogs".* FROM "blogs" WHERE "blogs"."id" = $1 LIMIT $2[0m  [["id", nil], ["LIMIT", 1]]
  ↳ app/controllers/blog_controller.rb:6:in `show'
Completed 404 Not Found in 2ms (ActiveRecord: 0.2ms | Allocations: 942)


  
ActiveRecord::RecordNotFound (Couldn't find Blog with 'id'=new):
  
app/controllers/blog_controller.rb:6:in `show'
Started GET "/blogs/new" for ::1 at 2023-10-05 11:50:32 -0700
Processing by BlogController#new as HTML
  Rendering layout layouts/application.html.erb
  Rendering blog/new.html.erb within layouts/application
  Rendered blog/new.html.erb within layouts/application (Duration: 3.5ms | Allocations: 2215)
  Rendered layout layouts/application.html.erb (Duration: 12.2ms | Allocations: 15098)
Completed 200 OK in 19ms (Views: 12.8ms | ActiveRecord: 4.2ms | Allocations: 17673)


Started GET "/blogs/new" for ::1 at 2023-10-05 11:50:39 -0700
Processing by BlogController#new as HTML
  Rendering layout layouts/application.html.erb
  Rendering blog/new.html.erb within layouts/application
  Rendered blog/new.html.erb within layouts/application (Duration: 1.3ms | Allocations: 849)
  Rendered layout layouts/application.html.erb (Duration: 4.9ms | Allocations: 2961)
Completed 200 OK in 7ms (Views: 5.5ms | ActiveRecord: 0.0ms | Allocations: 3232)


Started GET "/blogs/new" for ::1 at 2023-10-05 11:51:21 -0700
Processing by BlogController#new as HTML
  Rendering layout layouts/application.html.erb
  Rendering blog/new.html.erb within layouts/application
  Rendered blog/new.html.erb within layouts/application (Duration: 2.1ms | Allocations: 1123)
  Rendered layout layouts/application.html.erb (Duration: 6.9ms | Allocations: 3500)
Completed 200 OK in 11ms (Views: 8.6ms | ActiveRecord: 0.0ms | Allocations: 4325)


Started POST "/blogs" for ::1 at 2023-10-05 11:51:38 -0700
Processing by BlogController#create as TURBO_STREAM
  Parameters: {"authenticity_token"=>"[FILTERED]", "blog"=>{"title"=>"Post 2", "content"=>"Hi Aleja"}, "commit"=>"Add Post"}
  [1m[36mTRANSACTION (0.1ms)[0m  [1m[35mBEGIN[0m
  ↳ app/controllers/blog_controller.rb:12:in `create'
  [1m[36mBlog Create (2.1ms)[0m  [1m[32mINSERT INTO "blogs" ("title", "content", "created_at", "updated_at") VALUES ($1, $2, $3, $4) RETURNING "id"[0m  [["title", "Post 2"], ["content", "Hi Aleja"], ["created_at", "2023-10-05 18:51:38.287434"], ["updated_at", "2023-10-05 18:51:38.287434"]]
  ↳ app/controllers/blog_controller.rb:12:in `create'
  [1m[36mTRANSACTION (0.7ms)[0m  [1m[35mCOMMIT[0m
  ↳ app/controllers/blog_controller.rb:12:in `create'
No template found for BlogController#create, rendering head :no_content
Completed 204 No Content in 8ms (ActiveRecord: 2.9ms | Allocations: 3652)


Started POST "/blogs" for ::1 at 2023-10-05 11:51:40 -0700
Processing by BlogController#create as TURBO_STREAM
  Parameters: {"authenticity_token"=>"[FILTERED]", "blog"=>{"title"=>"Post 2", "content"=>"Hi Aleja"}, "commit"=>"Add Post"}
  [1m[36mTRANSACTION (0.1ms)[0m  [1m[35mBEGIN[0m
  ↳ app/controllers/blog_controller.rb:12:in `create'
  [1m[36mBlog Create (0.3ms)[0m  [1m[32mINSERT INTO "blogs" ("title", "content", "created_at", "updated_at") VALUES ($1, $2, $3, $4) RETURNING "id"[0m  [["title", "Post 2"], ["content", "Hi Aleja"], ["created_at", "2023-10-05 18:51:40.479390"], ["updated_at", "2023-10-05 18:51:40.479390"]]
  ↳ app/controllers/blog_controller.rb:12:in `create'
  [1m[36mTRANSACTION (0.5ms)[0m  [1m[35mCOMMIT[0m
  ↳ app/controllers/blog_controller.rb:12:in `create'
No template found for BlogController#create, rendering head :no_content
Completed 204 No Content in 5ms (ActiveRecord: 1.0ms | Allocations: 2216)


Started POST "/blogs" for ::1 at 2023-10-05 11:51:42 -0700
Processing by BlogController#create as TURBO_STREAM
  Parameters: {"authenticity_token"=>"[FILTERED]", "blog"=>{"title"=>"Post 2", "content"=>"Hi Aleja"}, "commit"=>"Add Post"}
  [1m[36mTRANSACTION (0.1ms)[0m  [1m[35mBEGIN[0m
  ↳ app/controllers/blog_controller.rb:12:in `create'
  [1m[36mBlog Create (0.4ms)[0m  [1m[32mINSERT INTO "blogs" ("title", "content", "created_at", "updated_at") VALUES ($1, $2, $3, $4) RETURNING "id"[0m  [["title", "Post 2"], ["content", "Hi Aleja"], ["created_at", "2023-10-05 18:51:42.317177"], ["updated_at", "2023-10-05 18:51:42.317177"]]
  ↳ app/controllers/blog_controller.rb:12:in `create'
  [1m[36mTRANSACTION (0.5ms)[0m  [1m[35mCOMMIT[0m
  ↳ app/controllers/blog_controller.rb:12:in `create'
No template found for BlogController#create, rendering head :no_content
Completed 204 No Content in 6ms (ActiveRecord: 1.1ms | Allocations: 2231)


Started POST "/blogs" for ::1 at 2023-10-05 11:51:42 -0700
Processing by BlogController#create as TURBO_STREAM
  Parameters: {"authenticity_token"=>"[FILTERED]", "blog"=>{"title"=>"Post 2", "content"=>"Hi Aleja"}, "commit"=>"Add Post"}
  [1m[36mTRANSACTION (0.1ms)[0m  [1m[35mBEGIN[0m
  ↳ app/controllers/blog_controller.rb:12:in `create'
  [1m[36mBlog Create (0.5ms)[0m  [1m[32mINSERT INTO "blogs" ("title", "content", "created_at", "updated_at") VALUES ($1, $2, $3, $4) RETURNING "id"[0m  [["title", "Post 2"], ["content", "Hi Aleja"], ["created_at", "2023-10-05 18:51:42.935650"], ["updated_at", "2023-10-05 18:51:42.935650"]]
  ↳ app/controllers/blog_controller.rb:12:in `create'
  [1m[36mTRANSACTION (0.3ms)[0m  [1m[35mCOMMIT[0m
  ↳ app/controllers/blog_controller.rb:12:in `create'
No template found for BlogController#create, rendering head :no_content
Completed 204 No Content in 6ms (ActiveRecord: 0.9ms | Allocations: 2219)


Started POST "/blogs" for ::1 at 2023-10-05 11:51:43 -0700
Processing by BlogController#create as TURBO_STREAM
  Parameters: {"authenticity_token"=>"[FILTERED]", "blog"=>{"title"=>"Post 2", "content"=>"Hi Aleja"}, "commit"=>"Add Post"}
  [1m[36mTRANSACTION (0.1ms)[0m  [1m[35mBEGIN[0m
  ↳ app/controllers/blog_controller.rb:12:in `create'
  [1m[36mBlog Create (0.3ms)[0m  [1m[32mINSERT INTO "blogs" ("title", "content", "created_at", "updated_at") VALUES ($1, $2, $3, $4) RETURNING "id"[0m  [["title", "Post 2"], ["content", "Hi Aleja"], ["created_at", "2023-10-05 18:51:43.110101"], ["updated_at", "2023-10-05 18:51:43.110101"]]
  ↳ app/controllers/blog_controller.rb:12:in `create'
  [1m[36mTRANSACTION (0.4ms)[0m  [1m[35mCOMMIT[0m
  ↳ app/controllers/blog_controller.rb:12:in `create'
No template found for BlogController#create, rendering head :no_content
Completed 204 No Content in 5ms (ActiveRecord: 0.8ms | Allocations: 2221)


Started POST "/blogs" for ::1 at 2023-10-05 11:51:43 -0700
Processing by BlogController#create as TURBO_STREAM
  Parameters: {"authenticity_token"=>"[FILTERED]", "blog"=>{"title"=>"Post 2", "content"=>"Hi Aleja"}, "commit"=>"Add Post"}
  [1m[36mTRANSACTION (0.1ms)[0m  [1m[35mBEGIN[0m
  ↳ app/controllers/blog_controller.rb:12:in `create'
  [1m[36mBlog Create (0.6ms)[0m  [1m[32mINSERT INTO "blogs" ("title", "content", "created_at", "updated_at") VALUES ($1, $2, $3, $4) RETURNING "id"[0m  [["title", "Post 2"], ["content", "Hi Aleja"], ["created_at", "2023-10-05 18:51:43.254540"], ["updated_at", "2023-10-05 18:51:43.254540"]]
  ↳ app/controllers/blog_controller.rb:12:in `create'
  [1m[36mTRANSACTION (0.5ms)[0m  [1m[35mCOMMIT[0m
  ↳ app/controllers/blog_controller.rb:12:in `create'
No template found for BlogController#create, rendering head :no_content
Completed 204 No Content in 8ms (ActiveRecord: 1.2ms | Allocations: 2215)


Started POST "/blogs" for ::1 at 2023-10-05 11:51:43 -0700
Processing by BlogController#create as TURBO_STREAM
  Parameters: {"authenticity_token"=>"[FILTERED]", "blog"=>{"title"=>"Post 2", "content"=>"Hi Aleja"}, "commit"=>"Add Post"}
  [1m[36mTRANSACTION (0.1ms)[0m  [1m[35mBEGIN[0m
  ↳ app/controllers/blog_controller.rb:12:in `create'
  [1m[36mBlog Create (0.3ms)[0m  [1m[32mINSERT INTO "blogs" ("title", "content", "created_at", "updated_at") VALUES ($1, $2, $3, $4) RETURNING "id"[0m  [["title", "Post 2"], ["content", "Hi Aleja"], ["created_at", "2023-10-05 18:51:43.399281"], ["updated_at", "2023-10-05 18:51:43.399281"]]
  ↳ app/controllers/blog_controller.rb:12:in `create'
  [1m[36mTRANSACTION (0.4ms)[0m  [1m[35mCOMMIT[0m
  ↳ app/controllers/blog_controller.rb:12:in `create'
No template found for BlogController#create, rendering head :no_content
Completed 204 No Content in 6ms (ActiveRecord: 0.8ms | Allocations: 2215)


Started POST "/blogs" for ::1 at 2023-10-05 11:51:43 -0700
Processing by BlogController#create as TURBO_STREAM
  Parameters: {"authenticity_token"=>"[FILTERED]", "blog"=>{"title"=>"Post 2", "content"=>"Hi Aleja"}, "commit"=>"Add Post"}
  [1m[36mTRANSACTION (0.1ms)[0m  [1m[35mBEGIN[0m
  ↳ app/controllers/blog_controller.rb:12:in `create'
  [1m[36mBlog Create (0.3ms)[0m  [1m[32mINSERT INTO "blogs" ("title", "content", "created_at", "updated_at") VALUES ($1, $2, $3, $4) RETURNING "id"[0m  [["title", "Post 2"], ["content", "Hi Aleja"], ["created_at", "2023-10-05 18:51:43.529077"], ["updated_at", "2023-10-05 18:51:43.529077"]]
  ↳ app/controllers/blog_controller.rb:12:in `create'
  [1m[36mTRANSACTION (0.2ms)[0m  [1m[35mCOMMIT[0m
  ↳ app/controllers/blog_controller.rb:12:in `create'
No template found for BlogController#create, rendering head :no_content
Completed 204 No Content in 5ms (ActiveRecord: 0.7ms | Allocations: 2233)


Started POST "/blogs" for ::1 at 2023-10-05 11:51:43 -0700
Processing by BlogController#create as TURBO_STREAM
  Parameters: {"authenticity_token"=>"[FILTERED]", "blog"=>{"title"=>"Post 2", "content"=>"Hi Aleja"}, "commit"=>"Add Post"}
  [1m[36mTRANSACTION (0.1ms)[0m  [1m[35mBEGIN[0m
  ↳ app/controllers/blog_controller.rb:12:in `create'
  [1m[36mBlog Create (0.3ms)[0m  [1m[32mINSERT INTO "blogs" ("title", "content", "created_at", "updated_at") VALUES ($1, $2, $3, $4) RETURNING "id"[0m  [["title", "Post 2"], ["content", "Hi Aleja"], ["created_at", "2023-10-05 18:51:43.644305"], ["updated_at", "2023-10-05 18:51:43.644305"]]
  ↳ app/controllers/blog_controller.rb:12:in `create'
  [1m[36mTRANSACTION (0.4ms)[0m  [1m[35mCOMMIT[0m
  ↳ app/controllers/blog_controller.rb:12:in `create'
No template found for BlogController#create, rendering head :no_content
Completed 204 No Content in 10ms (ActiveRecord: 0.8ms | Allocations: 2227)


Started POST "/blogs" for ::1 at 2023-10-05 11:51:44 -0700
Processing by BlogController#create as TURBO_STREAM
  Parameters: {"authenticity_token"=>"[FILTERED]", "blog"=>{"title"=>"Post 2", "content"=>"Hi Aleja"}, "commit"=>"Add Post"}
  [1m[36mTRANSACTION (0.1ms)[0m  [1m[35mBEGIN[0m
  ↳ app/controllers/blog_controller.rb:12:in `create'
  [1m[36mBlog Create (0.3ms)[0m  [1m[32mINSERT INTO "blogs" ("title", "content", "created_at", "updated_at") VALUES ($1, $2, $3, $4) RETURNING "id"[0m  [["title", "Post 2"], ["content", "Hi Aleja"], ["created_at", "2023-10-05 18:51:44.363934"], ["updated_at", "2023-10-05 18:51:44.363934"]]
  ↳ app/controllers/blog_controller.rb:12:in `create'
  [1m[36mTRANSACTION (0.3ms)[0m  [1m[35mCOMMIT[0m
  ↳ app/controllers/blog_controller.rb:12:in `create'
No template found for BlogController#create, rendering head :no_content
Completed 204 No Content in 6ms (ActiveRecord: 0.8ms | Allocations: 2225)


Started POST "/blogs" for ::1 at 2023-10-05 11:51:44 -0700
Processing by BlogController#create as TURBO_STREAM
  Parameters: {"authenticity_token"=>"[FILTERED]", "blog"=>{"title"=>"Post 2", "content"=>"Hi Aleja"}, "commit"=>"Add Post"}
  [1m[36mTRANSACTION (0.2ms)[0m  [1m[35mBEGIN[0m
  ↳ app/controllers/blog_controller.rb:12:in `create'
  [1m[36mBlog Create (0.3ms)[0m  [1m[32mINSERT INTO "blogs" ("title", "content", "created_at", "updated_at") VALUES ($1, $2, $3, $4) RETURNING "id"[0m  [["title", "Post 2"], ["content", "Hi Aleja"], ["created_at", "2023-10-05 18:51:44.525510"], ["updated_at", "2023-10-05 18:51:44.525510"]]
  ↳ app/controllers/blog_controller.rb:12:in `create'
  [1m[36mTRANSACTION (0.5ms)[0m  [1m[35mCOMMIT[0m
  ↳ app/controllers/blog_controller.rb:12:in `create'
No template found for BlogController#create, rendering head :no_content
Completed 204 No Content in 6ms (ActiveRecord: 1.0ms | Allocations: 2230)


Started POST "/blogs" for ::1 at 2023-10-05 11:51:44 -0700
Processing by BlogController#create as TURBO_STREAM
  Parameters: {"authenticity_token"=>"[FILTERED]", "blog"=>{"title"=>"Post 2", "content"=>"Hi Aleja"}, "commit"=>"Add Post"}
  [1m[36mTRANSACTION (0.1ms)[0m  [1m[35mBEGIN[0m
  ↳ app/controllers/blog_controller.rb:12:in `create'
  [1m[36mBlog Create (0.3ms)[0m  [1m[32mINSERT INTO "blogs" ("title", "content", "created_at", "updated_at") VALUES ($1, $2, $3, $4) RETURNING "id"[0m  [["title", "Post 2"], ["content", "Hi Aleja"], ["created_at", "2023-10-05 18:51:44.646516"], ["updated_at", "2023-10-05 18:51:44.646516"]]
  ↳ app/controllers/blog_controller.rb:12:in `create'
  [1m[36mTRANSACTION (0.5ms)[0m  [1m[35mCOMMIT[0m
  ↳ app/controllers/blog_controller.rb:12:in `create'
No template found for BlogController#create, rendering head :no_content
Completed 204 No Content in 5ms (ActiveRecord: 0.9ms | Allocations: 2248)


Started POST "/blogs" for ::1 at 2023-10-05 11:51:44 -0700
Processing by BlogController#create as TURBO_STREAM
  Parameters: {"authenticity_token"=>"[FILTERED]", "blog"=>{"title"=>"Post 2", "content"=>"Hi Aleja"}, "commit"=>"Add Post"}
  [1m[36mTRANSACTION (0.1ms)[0m  [1m[35mBEGIN[0m
  ↳ app/controllers/blog_controller.rb:12:in `create'
  [1m[36mBlog Create (0.4ms)[0m  [1m[32mINSERT INTO "blogs" ("title", "content", "created_at", "updated_at") VALUES ($1, $2, $3, $4) RETURNING "id"[0m  [["title", "Post 2"], ["content", "Hi Aleja"], ["created_at", "2023-10-05 18:51:44.782018"], ["updated_at", "2023-10-05 18:51:44.782018"]]
  ↳ app/controllers/blog_controller.rb:12:in `create'
  [1m[36mTRANSACTION (0.5ms)[0m  [1m[35mCOMMIT[0m
  ↳ app/controllers/blog_controller.rb:12:in `create'
No template found for BlogController#create, rendering head :no_content
Completed 204 No Content in 6ms (ActiveRecord: 1.0ms | Allocations: 2227)


Started POST "/blogs" for ::1 at 2023-10-05 11:51:45 -0700
Processing by BlogController#create as TURBO_STREAM
  Parameters: {"authenticity_token"=>"[FILTERED]", "blog"=>{"title"=>"Post 2", "content"=>"Hi Aleja"}, "commit"=>"Add Post"}
  [1m[36mTRANSACTION (0.1ms)[0m  [1m[35mBEGIN[0m
  ↳ app/controllers/blog_controller.rb:12:in `create'
  [1m[36mBlog Create (0.4ms)[0m  [1m[32mINSERT INTO "blogs" ("title", "content", "created_at", "updated_at") VALUES ($1, $2, $3, $4) RETURNING "id"[0m  [["title", "Post 2"], ["content", "Hi Aleja"], ["created_at", "2023-10-05 18:51:45.022686"], ["updated_at", "2023-10-05 18:51:45.022686"]]
  ↳ app/controllers/blog_controller.rb:12:in `create'
  [1m[36mTRANSACTION (0.3ms)[0m  [1m[35mCOMMIT[0m
  ↳ app/controllers/blog_controller.rb:12:in `create'
No template found for BlogController#create, rendering head :no_content
Completed 204 No Content in 6ms (ActiveRecord: 0.8ms | Allocations: 2218)


Started POST "/blogs" for ::1 at 2023-10-05 11:51:45 -0700
Processing by BlogController#create as TURBO_STREAM
  Parameters: {"authenticity_token"=>"[FILTERED]", "blog"=>{"title"=>"Post 2", "content"=>"Hi Aleja"}, "commit"=>"Add Post"}
  [1m[36mTRANSACTION (0.1ms)[0m  [1m[35mBEGIN[0m
  ↳ app/controllers/blog_controller.rb:12:in `create'
  [1m[36mBlog Create (0.4ms)[0m  [1m[32mINSERT INTO "blogs" ("title", "content", "created_at", "updated_at") VALUES ($1, $2, $3, $4) RETURNING "id"[0m  [["title", "Post 2"], ["content", "Hi Aleja"], ["created_at", "2023-10-05 18:51:45.177158"], ["updated_at", "2023-10-05 18:51:45.177158"]]
  ↳ app/controllers/blog_controller.rb:12:in `create'
  [1m[36mTRANSACTION (0.5ms)[0m  [1m[35mCOMMIT[0m
  ↳ app/controllers/blog_controller.rb:12:in `create'
No template found for BlogController#create, rendering head :no_content
Completed 204 No Content in 6ms (ActiveRecord: 1.0ms | Allocations: 2218)


Started POST "/blogs" for ::1 at 2023-10-05 11:51:45 -0700
Processing by BlogController#create as TURBO_STREAM
  Parameters: {"authenticity_token"=>"[FILTERED]", "blog"=>{"title"=>"Post 2", "content"=>"Hi Aleja"}, "commit"=>"Add Post"}
  [1m[36mTRANSACTION (0.1ms)[0m  [1m[35mBEGIN[0m
  ↳ app/controllers/blog_controller.rb:12:in `create'
  [1m[36mBlog Create (0.4ms)[0m  [1m[32mINSERT INTO "blogs" ("title", "content", "created_at", "updated_at") VALUES ($1, $2, $3, $4) RETURNING "id"[0m  [["title", "Post 2"], ["content", "Hi Aleja"], ["created_at", "2023-10-05 18:51:45.308376"], ["updated_at", "2023-10-05 18:51:45.308376"]]
  ↳ app/controllers/blog_controller.rb:12:in `create'
  [1m[36mTRANSACTION (0.5ms)[0m  [1m[35mCOMMIT[0m
  ↳ app/controllers/blog_controller.rb:12:in `create'
No template found for BlogController#create, rendering head :no_content
Completed 204 No Content in 6ms (ActiveRecord: 1.1ms | Allocations: 2233)


Started POST "/blogs" for ::1 at 2023-10-05 11:51:45 -0700
Processing by BlogController#create as TURBO_STREAM
  Parameters: {"authenticity_token"=>"[FILTERED]", "blog"=>{"title"=>"Post 2", "content"=>"Hi Aleja"}, "commit"=>"Add Post"}
  [1m[36mTRANSACTION (0.1ms)[0m  [1m[35mBEGIN[0m
  ↳ app/controllers/blog_controller.rb:12:in `create'
  [1m[36mBlog Create (0.3ms)[0m  [1m[32mINSERT INTO "blogs" ("title", "content", "created_at", "updated_at") VALUES ($1, $2, $3, $4) RETURNING "id"[0m  [["title", "Post 2"], ["content", "Hi Aleja"], ["created_at", "2023-10-05 18:51:45.424641"], ["updated_at", "2023-10-05 18:51:45.424641"]]
  ↳ app/controllers/blog_controller.rb:12:in `create'
  [1m[36mTRANSACTION (0.5ms)[0m  [1m[35mCOMMIT[0m
  ↳ app/controllers/blog_controller.rb:12:in `create'
No template found for BlogController#create, rendering head :no_content
Completed 204 No Content in 5ms (ActiveRecord: 0.9ms | Allocations: 2227)


Started POST "/blogs" for ::1 at 2023-10-05 11:51:45 -0700
Processing by BlogController#create as TURBO_STREAM
  Parameters: {"authenticity_token"=>"[FILTERED]", "blog"=>{"title"=>"Post 2", "content"=>"Hi Aleja"}, "commit"=>"Add Post"}
  [1m[36mTRANSACTION (0.1ms)[0m  [1m[35mBEGIN[0m
  ↳ app/controllers/blog_controller.rb:12:in `create'
  [1m[36mBlog Create (0.3ms)[0m  [1m[32mINSERT INTO "blogs" ("title", "content", "created_at", "updated_at") VALUES ($1, $2, $3, $4) RETURNING "id"[0m  [["title", "Post 2"], ["content", "Hi Aleja"], ["created_at", "2023-10-05 18:51:45.577583"], ["updated_at", "2023-10-05 18:51:45.577583"]]
  ↳ app/controllers/blog_controller.rb:12:in `create'
  [1m[36mTRANSACTION (0.5ms)[0m  [1m[35mCOMMIT[0m
  ↳ app/controllers/blog_controller.rb:12:in `create'
No template found for BlogController#create, rendering head :no_content
Completed 204 No Content in 5ms (ActiveRecord: 0.9ms | Allocations: 2215)


Started POST "/blogs" for ::1 at 2023-10-05 11:51:45 -0700
Processing by BlogController#create as TURBO_STREAM
  Parameters: {"authenticity_token"=>"[FILTERED]", "blog"=>{"title"=>"Post 2", "content"=>"Hi Aleja"}, "commit"=>"Add Post"}
  [1m[36mTRANSACTION (0.1ms)[0m  [1m[35mBEGIN[0m
  ↳ app/controllers/blog_controller.rb:12:in `create'
  [1m[36mBlog Create (0.4ms)[0m  [1m[32mINSERT INTO "blogs" ("title", "content", "created_at", "updated_at") VALUES ($1, $2, $3, $4) RETURNING "id"[0m  [["title", "Post 2"], ["content", "Hi Aleja"], ["created_at", "2023-10-05 18:51:45.705311"], ["updated_at", "2023-10-05 18:51:45.705311"]]
  ↳ app/controllers/blog_controller.rb:12:in `create'
  [1m[36mTRANSACTION (0.5ms)[0m  [1m[35mCOMMIT[0m
  ↳ app/controllers/blog_controller.rb:12:in `create'
No template found for BlogController#create, rendering head :no_content
Completed 204 No Content in 7ms (ActiveRecord: 1.1ms | Allocations: 2221)


Started POST "/blogs" for ::1 at 2023-10-05 11:51:45 -0700
Processing by BlogController#create as TURBO_STREAM
  Parameters: {"authenticity_token"=>"[FILTERED]", "blog"=>{"title"=>"Post 2", "content"=>"Hi Aleja"}, "commit"=>"Add Post"}
  [1m[36mTRANSACTION (0.1ms)[0m  [1m[35mBEGIN[0m
  ↳ app/controllers/blog_controller.rb:12:in `create'
  [1m[36mBlog Create (0.4ms)[0m  [1m[32mINSERT INTO "blogs" ("title", "content", "created_at", "updated_at") VALUES ($1, $2, $3, $4) RETURNING "id"[0m  [["title", "Post 2"], ["content", "Hi Aleja"], ["created_at", "2023-10-05 18:51:45.850784"], ["updated_at", "2023-10-05 18:51:45.850784"]]
  ↳ app/controllers/blog_controller.rb:12:in `create'
  [1m[36mTRANSACTION (0.5ms)[0m  [1m[35mCOMMIT[0m
  ↳ app/controllers/blog_controller.rb:12:in `create'
No template found for BlogController#create, rendering head :no_content
Completed 204 No Content in 6ms (ActiveRecord: 1.0ms | Allocations: 2242)


Started POST "/blogs" for ::1 at 2023-10-05 11:51:45 -0700
Processing by BlogController#create as TURBO_STREAM
  Parameters: {"authenticity_token"=>"[FILTERED]", "blog"=>{"title"=>"Post 2", "content"=>"Hi Aleja"}, "commit"=>"Add Post"}
  [1m[36mTRANSACTION (0.1ms)[0m  [1m[35mBEGIN[0m
  ↳ app/controllers/blog_controller.rb:12:in `create'
  [1m[36mBlog Create (0.6ms)[0m  [1m[32mINSERT INTO "blogs" ("title", "content", "created_at", "updated_at") VALUES ($1, $2, $3, $4) RETURNING "id"[0m  [["title", "Post 2"], ["content", "Hi Aleja"], ["created_at", "2023-10-05 18:51:45.981871"], ["updated_at", "2023-10-05 18:51:45.981871"]]
  ↳ app/controllers/blog_controller.rb:12:in `create'
  [1m[36mTRANSACTION (0.2ms)[0m  [1m[35mCOMMIT[0m
  ↳ app/controllers/blog_controller.rb:12:in `create'
No template found for BlogController#create, rendering head :no_content
Completed 204 No Content in 5ms (ActiveRecord: 0.9ms | Allocations: 2225)


Started GET "/blogs/2" for ::1 at 2023-10-05 11:53:20 -0700
Processing by BlogController#show as HTML
  Parameters: {"id"=>"2"}
  [1m[36mBlog Load (12.7ms)[0m  [1m[34mSELECT "blogs".* FROM "blogs" WHERE "blogs"."id" = $1 LIMIT $2[0m  [["id", 2], ["LIMIT", 1]]
  ↳ app/controllers/blog_controller.rb:6:in `show'
  Rendering layout layouts/application.html.erb
  Rendering blog/show.html.erb within layouts/application
  Rendered blog/show.html.erb within layouts/application (Duration: 1.6ms | Allocations: 169)
  Rendered layout layouts/application.html.erb (Duration: 8.9ms | Allocations: 2448)
Completed 200 OK in 29ms (Views: 10.0ms | ActiveRecord: 12.7ms | Allocations: 3909)


Started GET "/blogs/3" for ::1 at 2023-10-05 11:53:27 -0700
Processing by BlogController#show as HTML
  Parameters: {"id"=>"3"}
  [1m[36mBlog Load (0.2ms)[0m  [1m[34mSELECT "blogs".* FROM "blogs" WHERE "blogs"."id" = $1 LIMIT $2[0m  [["id", 3], ["LIMIT", 1]]
  ↳ app/controllers/blog_controller.rb:6:in `show'
  Rendering layout layouts/application.html.erb
  Rendering blog/show.html.erb within layouts/application
  Rendered blog/show.html.erb within layouts/application (Duration: 0.1ms | Allocations: 29)
  Rendered layout layouts/application.html.erb (Duration: 5.3ms | Allocations: 2295)
Completed 200 OK in 8ms (Views: 5.9ms | ActiveRecord: 0.2ms | Allocations: 3060)


  [1m[36mBlog Load (1.0ms)[0m  [1m[34mSELECT "blogs".* FROM "blogs"[0m
Started GET "/blogs/3" for ::1 at 2023-10-05 11:54:39 -0700
Processing by BlogController#show as HTML
  Parameters: {"id"=>"3"}
  [1m[36mBlog Load (3.2ms)[0m  [1m[34mSELECT "blogs".* FROM "blogs" WHERE "blogs"."id" = $1 LIMIT $2[0m  [["id", 3], ["LIMIT", 1]]
  ↳ app/controllers/blog_controller.rb:6:in `show'
  Rendering layout layouts/application.html.erb
  Rendering blog/show.html.erb within layouts/application
  Rendered blog/show.html.erb within layouts/application (Duration: 1.0ms | Allocations: 195)
  Rendered layout layouts/application.html.erb (Duration: 6.3ms | Allocations: 2731)
Completed 200 OK in 23ms (Views: 8.7ms | ActiveRecord: 3.2ms | Allocations: 4050)


Started GET "/blogs/3" for ::1 at 2023-10-05 11:54:39 -0700
Processing by BlogController#show as HTML
  Parameters: {"id"=>"3"}
  [1m[36mBlog Load (0.3ms)[0m  [1m[34mSELECT "blogs".* FROM "blogs" WHERE "blogs"."id" = $1 LIMIT $2[0m  [["id", 3], ["LIMIT", 1]]
  ↳ app/controllers/blog_controller.rb:6:in `show'
  Rendering layout layouts/application.html.erb
  Rendering blog/show.html.erb within layouts/application
  Rendered blog/show.html.erb within layouts/application (Duration: 0.3ms | Allocations: 31)
  Rendered layout layouts/application.html.erb (Duration: 7.1ms | Allocations: 2297)
Completed 200 OK in 11ms (Views: 7.7ms | ActiveRecord: 0.3ms | Allocations: 3064)


Started GET "/blogs" for ::1 at 2023-10-05 11:54:45 -0700
Processing by BlogController#index as HTML
  Rendering layout layouts/application.html.erb
  Rendering blog/index.html.erb within layouts/application
  Rendered blog/index.html.erb within layouts/application (Duration: 0.9ms | Allocations: 208)
  Rendered layout layouts/application.html.erb (Duration: 6.0ms | Allocations: 2479)
Completed 200 OK in 7ms (Views: 6.5ms | ActiveRecord: 0.0ms | Allocations: 2807)


Started GET "/blogs/1" for ::1 at 2023-10-05 11:54:46 -0700
Processing by BlogController#show as HTML
  Parameters: {"id"=>"1"}
  [1m[36mBlog Load (0.2ms)[0m  [1m[34mSELECT "blogs".* FROM "blogs" WHERE "blogs"."id" = $1 LIMIT $2[0m  [["id", 1], ["LIMIT", 1]]
  ↳ app/controllers/blog_controller.rb:6:in `show'
  Rendering layout layouts/application.html.erb
  Rendering blog/show.html.erb within layouts/application
  Rendered blog/show.html.erb within layouts/application (Duration: 0.1ms | Allocations: 32)
  Rendered layout layouts/application.html.erb (Duration: 3.5ms | Allocations: 2280)
Completed 200 OK in 6ms (Views: 4.0ms | ActiveRecord: 0.2ms | Allocations: 3047)


Started GET "/blogs/2" for ::1 at 2023-10-05 11:54:52 -0700
Processing by BlogController#show as HTML
  Parameters: {"id"=>"2"}
  [1m[36mBlog Load (0.2ms)[0m  [1m[34mSELECT "blogs".* FROM "blogs" WHERE "blogs"."id" = $1 LIMIT $2[0m  [["id", 2], ["LIMIT", 1]]
  ↳ app/controllers/blog_controller.rb:6:in `show'
  Rendering layout layouts/application.html.erb
  Rendering blog/show.html.erb within layouts/application
  Rendered blog/show.html.erb within layouts/application (Duration: 0.1ms | Allocations: 31)
  Rendered layout layouts/application.html.erb (Duration: 4.5ms | Allocations: 2291)
Completed 200 OK in 8ms (Views: 5.1ms | ActiveRecord: 0.2ms | Allocations: 3056)


Started GET "/blogs/22" for ::1 at 2023-10-05 11:54:57 -0700
Processing by BlogController#show as HTML
  Parameters: {"id"=>"22"}
  [1m[36mBlog Load (0.3ms)[0m  [1m[34mSELECT "blogs".* FROM "blogs" WHERE "blogs"."id" = $1 LIMIT $2[0m  [["id", 22], ["LIMIT", 1]]
  ↳ app/controllers/blog_controller.rb:6:in `show'
  Rendering layout layouts/application.html.erb
  Rendering blog/show.html.erb within layouts/application
  Rendered blog/show.html.erb within layouts/application (Duration: 0.1ms | Allocations: 31)
  Rendered layout layouts/application.html.erb (Duration: 3.8ms | Allocations: 2303)
Completed 200 OK in 7ms (Views: 4.3ms | ActiveRecord: 0.3ms | Allocations: 3068)


